Test_Segmentation/app/build/intermediates/manifest_merge_blame_file/debug/manifest-merger-blame-debug-report.txt
1<?xml version="1.0" encoding="utf-8"?>
2<manifest xmlns:android="http://schemas.android.com/apk/res/android"
3    package="org.tensorflow.codelabs.objectdetection"
4    android:versionCode="1"
5    android:versionName="1.0" >
6
7    <uses-sdk
8        android:minSdkVersion="23"
8-->src\main\AndroidManifest.xml
9        android:targetSdkVersion="30" />
9-->src\main\AndroidManifest.xml
10
11    <uses-permission android:name="android.permission.READ_EXTERNAL_STORAGE" />
11-->src\main\AndroidManifest.xml:5:5-79
11-->src\main\AndroidManifest.xml:5:22-77
12    <uses-permission android:name="android.permission.WRITE_EXTERNAL_STORAGE" />
12-->src\main\AndroidManifest.xml:6:5-80
12-->src\main\AndroidManifest.xml:6:22-78
13
14    <queries>
14-->src\main\AndroidManifest.xml:8:5-12:15
15        <intent>
15-->src\main\AndroidManifest.xml:9:9-11:18
16            <action android:name="android.media.action.IMAGE_CAPTURE" />
16-->src\main\AndroidManifest.xml:10:13-73
16-->src\main\AndroidManifest.xml:10:21-70
17        </intent>
18    </queries>
19
20    <uses-permission android:name="android.permission.WRITE_EXTERNAL_STORAGE" />
20-->src\main\AndroidManifest.xml:6:5-80
20-->src\main\AndroidManifest.xml:6:22-78
21    <uses-permission android:name="android.permission.READ_PHONE_STATE" />
22
23    <application
23-->src\main\AndroidManifest.xml:14:5-44:19
24        android:allowBackup="true"
24-->src\main\AndroidManifest.xml:21:9-35
25        android:appComponentFactory="androidx.core.app.CoreComponentFactory"
25-->[androidx.core:core:1.3.2] AndroidManifest.xml:24:18-86
26        android:debuggable="true"
27        android:extractNativeLibs="false"
28        android:hardwareAccelerated="false"
28-->src\main\AndroidManifest.xml:18:9-44
29        android:icon="@mipmap/ic_launcher"
29-->src\main\AndroidManifest.xml:22:9-43
30        android:label="@string/app_name"
30-->src\main\AndroidManifest.xml:23:9-41
31        android:largeHeap="true"
31-->src\main\AndroidManifest.xml:19:9-33
32        android:requestLegacyExternalStorage="true"
32-->src\main\AndroidManifest.xml:16:9-52
33        android:roundIcon="@mipmap/ic_launcher_round"
33-->src\main\AndroidManifest.xml:24:9-54
34        android:supportsRtl="true"
34-->src\main\AndroidManifest.xml:25:9-35
35        android:testOnly="true"
36        android:theme="@style/Theme.ObjectDetection" >
36-->src\main\AndroidManifest.xml:26:9-53
37        <activity android:name="org.tensorflow.codelabs.objectdetection.MainActivity" >
37-->src\main\AndroidManifest.xml:27:9-33:20
37-->src\main\AndroidManifest.xml:27:19-86
38            <intent-filter>
38-->src\main\AndroidManifest.xml:28:13-32:29
39                <action android:name="android.intent.action.MAIN" />
39-->src\main\AndroidManifest.xml:29:17-69
39-->src\main\AndroidManifest.xml:29:25-66
40
41                <category android:name="android.intent.category.LAUNCHER" />
41-->src\main\AndroidManifest.xml:31:17-77
41-->src\main\AndroidManifest.xml:31:27-74
42            </intent-filter>
43        </activity>
44
45        <provider
45-->src\main\AndroidManifest.xml:35:9-43:20
46            android:name="androidx.core.content.FileProvider"
46-->src\main\AndroidManifest.xml:36:13-62
47            android:authorities="org.tensorflow.codelabs.objectdetection.fileprovider"
47-->src\main\AndroidManifest.xml:37:13-87
48            android:exported="false"
48-->src\main\AndroidManifest.xml:38:13-37
49            android:grantUriPermissions="true" >
49-->src\main\AndroidManifest.xml:39:13-47
50            <meta-data
50-->src\main\AndroidManifest.xml:40:13-42:54
51                android:name="android.support.FILE_PROVIDER_PATHS"
51-->src\main\AndroidManifest.xml:41:17-67
52                android:resource="@xml/file_paths" />
52-->src\main\AndroidManifest.xml:42:17-51
53        </provider>
54    </application>
55
56</manifest>